<?xml version="1.0" encoding="utf-8"?><testsuites name="pytest tests"><testsuite name="pytest" errors="0" failures="1" skipped="0" tests="27" time="7.149" timestamp="2026-05-23T11:28:05.138990+00:00" hostname="agent-env-c82a6cfc-bc1c-489a-a3c3-69dd7aab2ba5"><testcase classname="backend.tests.backend_test.TestServices" name="test_list_services_12_luxury" time="0.340" /><testcase classname="backend.tests.backend_test.TestAuth" name="test_admin_login_sets_cookies" time="0.330" /><testcase classname="backend.tests.backend_test.TestAuth" name="test_invalid_login_401" time="0.377" /><testcase classname="backend.tests.backend_test.TestAuth" name="test_me_with_cookies" time="0.377" /><testcase classname="backend.tests.backend_test.TestAuth" name="test_me_unauthenticated_401" time="0.158" /><testcase classname="backend.tests.backend_test.TestAuth" name="test_register_creates_client" time="0.398" /><testcase classname="backend.tests.backend_test.TestAuth" name="test_logout_clears_cookies" time="0.436" /><testcase classname="backend.tests.backend_test.TestAdminProtection" name="test_bookings_unauth_returns_401_or_403" time="0.109" /><testcase classname="backend.tests.backend_test.TestAdminProtection" name="test_leads_unauth_returns_401_or_403" time="0.132" /><testcase classname="backend.tests.backend_test.TestAdminProtection" name="test_bookings_as_client_403" time="0.048" /><testcase classname="backend.tests.backend_test.TestAdminProtection" name="test_leads_as_client_403" time="0.043" /><testcase classname="backend.tests.backend_test.TestAdminProtection" name="test_bookings_admin_200" time="0.050" /><testcase classname="backend.tests.backend_test.TestAdminProtection" name="test_leads_admin_200" time="0.051" /><testcase classname="backend.tests.backend_test.TestAvailability" name="test_availability_weekday" time="0.049" /><testcase classname="backend.tests.backend_test.TestAvailability" name="test_availability_sunday_empty_with_note" time="0.046" /><testcase classname="backend.tests.backend_test.TestAvailability" name="test_availability_invalid_date_400" time="0.044" /><testcase classname="backend.tests.backend_test.TestBookingFlow" name="test_client_create_booking_attached" time="0.053" /><testcase classname="backend.tests.backend_test.TestBookingFlow" name="test_duplicate_slot_409" time="0.099" /><testcase classname="backend.tests.backend_test.TestBookingFlow" name="test_bookings_mine_returns_own" time="0.045" /><testcase classname="backend.tests.backend_test.TestBookingFlow" name="test_client_cancel_own" time="0.092" /><testcase classname="backend.tests.backend_test.TestBookingFlow" name="test_client_cannot_cancel_others" time="0.091" /><testcase classname="backend.tests.backend_test.TestBookingFlow" name="test_client_cannot_set_non_cancel_status" time="0.088" /><testcase classname="backend.tests.backend_test.TestBookingFlow" name="test_admin_set_any_status" time="0.050" /><testcase classname="backend.tests.backend_test.TestBruteForce" name="test_brute_force_lock" time="0.314"><failure message="AssertionError: Expected 429 lockout, got 422&#10;assert 422 == 429">backend/tests/backend_test.py:317: in test_brute_force_lock
    assert last_status == 429, f"Expected 429 lockout, got {last_status}"
E   AssertionError: Expected 429 lockout, got 422
E   assert 422 == 429</failure></testcase><testcase classname="backend.tests.backend_test.TestPWA" name="test_manifest" time="0.068" /><testcase classname="backend.tests.backend_test.TestPWA" name="test_service_worker" time="0.047" /><testcase classname="backend.tests.backend_test.TestChat" name="test_chat_returns_503_or_200" time="3.003" /></testsuite></testsuites>