<?xml version="1.0" encoding="utf-8"?><testsuites name="pytest tests"><testsuite name="pytest" errors="0" failures="0" skipped="0" tests="8" time="0.957" timestamp="2026-05-21T05:26:14.226087+00:00" hostname="agent-env-c82a6cfc-bc1c-489a-a3c3-69dd7aab2ba5"><testcase classname="backend.tests.backend_test.TestServices" name="test_list_services_returns_six" time="0.290" /><testcase classname="backend.tests.backend_test.TestBookings" name="test_create_booking_success" time="0.051" /><testcase classname="backend.tests.backend_test.TestBookings" name="test_create_booking_invalid_email_422" time="0.055" /><testcase classname="backend.tests.backend_test.TestBookings" name="test_create_booking_missing_field_422" time="0.054" /><testcase classname="backend.tests.backend_test.TestBookings" name="test_list_bookings_sorted_desc" time="0.098" /><testcase classname="backend.tests.backend_test.TestBookings" name="test_patch_booking_confirmed" time="0.111" /><testcase classname="backend.tests.backend_test.TestBookings" name="test_patch_booking_invalid_status_400" time="0.045" /><testcase classname="backend.tests.backend_test.TestBookings" name="test_patch_booking_unknown_id_404" time="0.048" /></testsuite></testsuites>